libnetcipher/build/intermediates/manifest_merge_blame_file/debug/manifest-merger-blame-debug-report.txt
1<?xml version="1.0" encoding="utf-8"?>
2<manifest xmlns:android="http://schemas.android.com/apk/res/android"
3    package="info.guardianproject.netcipher" >
4
5    <uses-sdk
5-->andro-spectrum\libnetcipher\AndroidManifest.xml:4:5-6:41
6        android:minSdkVersion="1"
6-->andro-spectrum\libnetcipher\AndroidManifest.xml:5:9-34
7        android:targetSdkVersion="1" />
7-->andro-spectrum\libnetcipher\AndroidManifest.xml:6:9-38
8
9</manifest>